<?xml version="1.0" encoding="UTF-8"?>
<!-- Generated by org.testng.reporters.JUnitXMLReporter -->
<testsuite ignored="1" hostname="DhirajShukla" failures="0" tests="1" name="Default test" time="24.123" errors="0" timestamp="2024-02-09T12:36:20 IST">
  <testcase classname="testScenario.scenarios" name="verifyTest" time="13.394"/>
  <testcase classname="testScenario.scenarios" name="verifyContactUsPage" time="0.0">
    <ignored/>
  </testcase> <!-- verifyContactUsPage -->
</testsuite> <!-- Default test -->
