<?xml version="1.0" encoding="UTF-8"?>
<testng-results ignored="1" total="2" passed="1" failed="0" skipped="0">
  <reporter-output>
  </reporter-output>
  <suite started-at="2024-02-09T12:35:56 IST" name="Default suite" finished-at="2024-02-09T12:36:20 IST" duration-ms="24123">
    <groups>
    </groups>
    <test started-at="2024-02-09T12:35:56 IST" name="Default test" finished-at="2024-02-09T12:36:20 IST" duration-ms="24123">
      <class name="testScenario.scenarios">
        <test-method is-config="true" signature="beforeTest()[pri:0, instance:testScenario.scenarios@73700b80]" started-at="2024-02-09T12:35:56 IST" name="beforeTest" finished-at="2024-02-09T12:36:06 IST" duration-ms="10248" status="PASS">
          <reporter-output>
          </reporter-output>
        </test-method> <!-- beforeTest -->
        <test-method signature="verifyTest()[pri:0, instance:testScenario.scenarios@73700b80]" started-at="2024-02-09T12:36:06 IST" name="verifyTest" finished-at="2024-02-09T12:36:20 IST" duration-ms="13394" status="PASS">
          <reporter-output>
          </reporter-output>
        </test-method> <!-- verifyTest -->
        <test-method is-config="true" signature="tearDown()[pri:0, instance:testScenario.scenarios@73700b80]" started-at="2024-02-09T12:36:20 IST" name="tearDown" finished-at="2024-02-09T12:36:20 IST" duration-ms="370" status="PASS">
          <reporter-output>
          </reporter-output>
        </test-method> <!-- tearDown -->
      </class> <!-- testScenario.scenarios -->
    </test> <!-- Default test -->
  </suite> <!-- Default suite -->
</testng-results>
